<?xml version="1.0" encoding="UTF-8"?>
<testsuite xmlns:xsi="http://www.w3.org/2001/XMLSchema-instance" xsi:noNamespaceSchemaLocation="https://maven.apache.org/surefire/maven-surefire-plugin/xsd/surefire-test-report.xsd" name="com.example.demo.KafkademoApplicationTests" time="8.393" tests="1" errors="0" skipped="0" failures="0">
  <properties>
    <property name="sun.desktop" value="windows"/>
    <property name="awt.toolkit" value="sun.awt.windows.WToolkit"/>
    <property name="java.specification.version" value="11"/>
    <property name="sun.cpu.isalist" value="amd64"/>
    <property name="sun.jnu.encoding" value="Cp1252"/>
    <property name="java.class.path" value="C:\Users\ramya_sree_kalagiri\Documents\Material\Kafka\workspace\kafkademo\target\test-classes;C:\Users\ramya_sree_kalagiri\Documents\Material\Kafka\workspace\kafkademo\target\classes;C:\Users\ramya_sree_kalagiri\.m2\repository\org\springframework\boot\spring-boot-starter-web\2.1.7.RELEASE\spring-boot-starter-web-2.1.7.RELEASE.jar;C:\Users\ramya_sree_kalagiri\.m2\repository\org\springframework\boot\spring-boot-starter\2.1.7.RELEASE\spring-boot-starter-2.1.7.RELEASE.jar;C:\Users\ramya_sree_kalagiri\.m2\repository\org\springframework\boot\spring-boot-starter-logging\2.1.7.RELEASE\spring-boot-starter-logging-2.1.7.RELEASE.jar;C:\Users\ramya_sree_kalagiri\.m2\repository\ch\qos\logback\logback-classic\1.2.3\logback-classic-1.2.3.jar;C:\Users\ramya_sree_kalagiri\.m2\repository\ch\qos\logback\logback-core\1.2.3\logback-core-1.2.3.jar;C:\Users\ramya_sree_kalagiri\.m2\repository\org\apache\logging\log4j\log4j-to-slf4j\2.11.2\log4j-to-slf4j-2.11.2.jar;C:\Users\ramya_sree_kalagiri\.m2\repository\org\apache\logging\log4j\log4j-api\2.11.2\log4j-api-2.11.2.jar;C:\Users\ramya_sree_kalagiri\.m2\repository\org\slf4j\jul-to-slf4j\1.7.26\jul-to-slf4j-1.7.26.jar;C:\Users\ramya_sree_kalagiri\.m2\repository\javax\annotation\javax.annotation-api\1.3.2\javax.annotation-api-1.3.2.jar;C:\Users\ramya_sree_kalagiri\.m2\repository\org\yaml\snakeyaml\1.23\snakeyaml-1.23.jar;C:\Users\ramya_sree_kalagiri\.m2\repository\org\springframework\boot\spring-boot-starter-json\2.1.7.RELEASE\spring-boot-starter-json-2.1.7.RELEASE.jar;C:\Users\ramya_sree_kalagiri\.m2\repository\com\fasterxml\jackson\core\jackson-databind\2.9.9\jackson-databind-2.9.9.jar;C:\Users\ramya_sree_kalagiri\.m2\repository\com\fasterxml\jackson\core\jackson-annotations\2.9.0\jackson-annotations-2.9.0.jar;C:\Users\ramya_sree_kalagiri\.m2\repository\com\fasterxml\jackson\core\jackson-core\2.9.9\jackson-core-2.9.9.jar;C:\Users\ramya_sree_kalagiri\.m2\repository\com\fasterxml\jackson\datatype\jackson-datatype-jdk8\2.9.9\jackson-datatype-jdk8-2.9.9.jar;C:\Users\ramya_sree_kalagiri\.m2\repository\com\fasterxml\jackson\datatype\jackson-datatype-jsr310\2.9.9\jackson-datatype-jsr310-2.9.9.jar;C:\Users\ramya_sree_kalagiri\.m2\repository\com\fasterxml\jackson\module\jackson-module-parameter-names\2.9.9\jackson-module-parameter-names-2.9.9.jar;C:\Users\ramya_sree_kalagiri\.m2\repository\org\springframework\boot\spring-boot-starter-tomcat\2.1.7.RELEASE\spring-boot-starter-tomcat-2.1.7.RELEASE.jar;C:\Users\ramya_sree_kalagiri\.m2\repository\org\apache\tomcat\embed\tomcat-embed-core\9.0.22\tomcat-embed-core-9.0.22.jar;C:\Users\ramya_sree_kalagiri\.m2\repository\org\apache\tomcat\embed\tomcat-embed-el\9.0.22\tomcat-embed-el-9.0.22.jar;C:\Users\ramya_sree_kalagiri\.m2\repository\org\apache\tomcat\embed\tomcat-embed-websocket\9.0.22\tomcat-embed-websocket-9.0.22.jar;C:\Users\ramya_sree_kalagiri\.m2\repository\org\hibernate\validator\hibernate-validator\6.0.17.Final\hibernate-validator-6.0.17.Final.jar;C:\Users\ramya_sree_kalagiri\.m2\repository\javax\validation\validation-api\2.0.1.Final\validation-api-2.0.1.Final.jar;C:\Users\ramya_sree_kalagiri\.m2\repository\org\jboss\logging\jboss-logging\3.3.2.Final\jboss-logging-3.3.2.Final.jar;C:\Users\ramya_sree_kalagiri\.m2\repository\com\fasterxml\classmate\1.4.0\classmate-1.4.0.jar;C:\Users\ramya_sree_kalagiri\.m2\repository\org\springframework\spring-web\5.1.9.RELEASE\spring-web-5.1.9.RELEASE.jar;C:\Users\ramya_sree_kalagiri\.m2\repository\org\springframework\spring-beans\5.1.9.RELEASE\spring-beans-5.1.9.RELEASE.jar;C:\Users\ramya_sree_kalagiri\.m2\repository\org\springframework\spring-webmvc\5.1.9.RELEASE\spring-webmvc-5.1.9.RELEASE.jar;C:\Users\ramya_sree_kalagiri\.m2\repository\org\springframework\spring-aop\5.1.9.RELEASE\spring-aop-5.1.9.RELEASE.jar;C:\Users\ramya_sree_kalagiri\.m2\repository\org\springframework\spring-expression\5.1.9.RELEASE\spring-expression-5.1.9.RELEASE.jar;C:\Users\ramya_sree_kalagiri\.m2\repository\org\springframework\boot\spring-boot-starter-actuator\2.1.7.RELEASE\spring-boot-starter-actuator-2.1.7.RELEASE.jar;C:\Users\ramya_sree_kalagiri\.m2\repository\org\springframework\boot\spring-boot-actuator-autoconfigure\2.1.7.RELEASE\spring-boot-actuator-autoconfigure-2.1.7.RELEASE.jar;C:\Users\ramya_sree_kalagiri\.m2\repository\org\springframework\boot\spring-boot-actuator\2.1.7.RELEASE\spring-boot-actuator-2.1.7.RELEASE.jar;C:\Users\ramya_sree_kalagiri\.m2\repository\io\micrometer\micrometer-core\1.1.5\micrometer-core-1.1.5.jar;C:\Users\ramya_sree_kalagiri\.m2\repository\org\hdrhistogram\HdrHistogram\2.1.9\HdrHistogram-2.1.9.jar;C:\Users\ramya_sree_kalagiri\.m2\repository\org\latencyutils\LatencyUtils\2.0.3\LatencyUtils-2.0.3.jar;C:\Users\ramya_sree_kalagiri\.m2\repository\org\springframework\cloud\spring-cloud-stream\2.1.3.RELEASE\spring-cloud-stream-2.1.3.RELEASE.jar;C:\Users\ramya_sree_kalagiri\.m2\repository\org\springframework\boot\spring-boot-starter-validation\2.1.7.RELEASE\spring-boot-starter-validation-2.1.7.RELEASE.jar;C:\Users\ramya_sree_kalagiri\.m2\repository\org\springframework\spring-messaging\5.1.9.RELEASE\spring-messaging-5.1.9.RELEASE.jar;C:\Users\ramya_sree_kalagiri\.m2\repository\org\springframework\integration\spring-integration-core\5.1.7.RELEASE\spring-integration-core-5.1.7.RELEASE.jar;C:\Users\ramya_sree_kalagiri\.m2\repository\org\springframework\spring-tx\5.1.9.RELEASE\spring-tx-5.1.9.RELEASE.jar;C:\Users\ramya_sree_kalagiri\.m2\repository\io\projectreactor\reactor-core\3.2.11.RELEASE\reactor-core-3.2.11.RELEASE.jar;C:\Users\ramya_sree_kalagiri\.m2\repository\org\reactivestreams\reactive-streams\1.0.2\reactive-streams-1.0.2.jar;C:\Users\ramya_sree_kalagiri\.m2\repository\org\springframework\integration\spring-integration-jmx\5.1.7.RELEASE\spring-integration-jmx-5.1.7.RELEASE.jar;C:\Users\ramya_sree_kalagiri\.m2\repository\org\springframework\spring-tuple\1.0.0.RELEASE\spring-tuple-1.0.0.RELEASE.jar;C:\Users\ramya_sree_kalagiri\.m2\repository\com\esotericsoftware\kryo-shaded\3.0.3\kryo-shaded-3.0.3.jar;C:\Users\ramya_sree_kalagiri\.m2\repository\com\esotericsoftware\minlog\1.3.0\minlog-1.3.0.jar;C:\Users\ramya_sree_kalagiri\.m2\repository\org\springframework\integration\spring-integration-tuple\1.0.0.RELEASE\spring-integration-tuple-1.0.0.RELEASE.jar;C:\Users\ramya_sree_kalagiri\.m2\repository\org\springframework\retry\spring-retry\1.2.4.RELEASE\spring-retry-1.2.4.RELEASE.jar;C:\Users\ramya_sree_kalagiri\.m2\repository\org\springframework\cloud\spring-cloud-function-context\2.0.2.RELEASE\spring-cloud-function-context-2.0.2.RELEASE.jar;C:\Users\ramya_sree_kalagiri\.m2\repository\org\springframework\cloud\spring-cloud-function-core\2.0.2.RELEASE\spring-cloud-function-core-2.0.2.RELEASE.jar;C:\Users\ramya_sree_kalagiri\.m2\repository\org\springframework\cloud\spring-cloud-stream-binder-kafka\2.1.3.RELEASE\spring-cloud-stream-binder-kafka-2.1.3.RELEASE.jar;C:\Users\ramya_sree_kalagiri\.m2\repository\org\springframework\cloud\spring-cloud-stream-binder-kafka-core\2.1.3.RELEASE\spring-cloud-stream-binder-kafka-core-2.1.3.RELEASE.jar;C:\Users\ramya_sree_kalagiri\.m2\repository\org\springframework\integration\spring-integration-kafka\3.1.0.RELEASE\spring-integration-kafka-3.1.0.RELEASE.jar;C:\Users\ramya_sree_kalagiri\.m2\repository\org\apache\kafka\kafka-clients\2.0.1\kafka-clients-2.0.1.jar;C:\Users\ramya_sree_kalagiri\.m2\repository\org\lz4\lz4-java\1.4.1\lz4-java-1.4.1.jar;C:\Users\ramya_sree_kalagiri\.m2\repository\org\xerial\snappy\snappy-java\1.1.7.1\snappy-java-1.1.7.1.jar;C:\Users\ramya_sree_kalagiri\.m2\repository\org\slf4j\slf4j-api\1.7.26\slf4j-api-1.7.26.jar;C:\Users\ramya_sree_kalagiri\.m2\repository\org\springframework\kafka\spring-kafka\2.2.8.RELEASE\spring-kafka-2.2.8.RELEASE.jar;C:\Users\ramya_sree_kalagiri\.m2\repository\org\springframework\cloud\spring-cloud-starter-stream-kafka\2.1.3.RELEASE\spring-cloud-starter-stream-kafka-2.1.3.RELEASE.jar;C:\Users\ramya_sree_kalagiri\.m2\repository\org\springframework\boot\spring-boot-devtools\2.1.7.RELEASE\spring-boot-devtools-2.1.7.RELEASE.jar;C:\Users\ramya_sree_kalagiri\.m2\repository\org\springframework\boot\spring-boot\2.1.7.RELEASE\spring-boot-2.1.7.RELEASE.jar;C:\Users\ramya_sree_kalagiri\.m2\repository\org\springframework\boot\spring-boot-autoconfigure\2.1.7.RELEASE\spring-boot-autoconfigure-2.1.7.RELEASE.jar;C:\Users\ramya_sree_kalagiri\.m2\repository\org\projectlombok\lombok\1.18.8\lombok-1.18.8.jar;C:\Users\ramya_sree_kalagiri\.m2\repository\org\springframework\boot\spring-boot-starter-test\2.1.7.RELEASE\spring-boot-starter-test-2.1.7.RELEASE.jar;C:\Users\ramya_sree_kalagiri\.m2\repository\org\springframework\boot\spring-boot-test\2.1.7.RELEASE\spring-boot-test-2.1.7.RELEASE.jar;C:\Users\ramya_sree_kalagiri\.m2\repository\org\springframework\boot\spring-boot-test-autoconfigure\2.1.7.RELEASE\spring-boot-test-autoconfigure-2.1.7.RELEASE.jar;C:\Users\ramya_sree_kalagiri\.m2\repository\com\jayway\jsonpath\json-path\2.4.0\json-path-2.4.0.jar;C:\Users\ramya_sree_kalagiri\.m2\repository\net\minidev\json-smart\2.3\json-smart-2.3.jar;C:\Users\ramya_sree_kalagiri\.m2\repository\net\minidev\accessors-smart\1.2\accessors-smart-1.2.jar;C:\Users\ramya_sree_kalagiri\.m2\repository\org\ow2\asm\asm\5.0.4\asm-5.0.4.jar;C:\Users\ramya_sree_kalagiri\.m2\repository\junit\junit\4.12\junit-4.12.jar;C:\Users\ramya_sree_kalagiri\.m2\repository\org\assertj\assertj-core\3.11.1\assertj-core-3.11.1.jar;C:\Users\ramya_sree_kalagiri\.m2\repository\org\mockito\mockito-core\2.23.4\mockito-core-2.23.4.jar;C:\Users\ramya_sree_kalagiri\.m2\repository\net\bytebuddy\byte-buddy\1.9.16\byte-buddy-1.9.16.jar;C:\Users\ramya_sree_kalagiri\.m2\repository\net\bytebuddy\byte-buddy-agent\1.9.16\byte-buddy-agent-1.9.16.jar;C:\Users\ramya_sree_kalagiri\.m2\repository\org\objenesis\objenesis\2.6\objenesis-2.6.jar;C:\Users\ramya_sree_kalagiri\.m2\repository\org\hamcrest\hamcrest-core\1.3\hamcrest-core-1.3.jar;C:\Users\ramya_sree_kalagiri\.m2\repository\org\hamcrest\hamcrest-library\1.3\hamcrest-library-1.3.jar;C:\Users\ramya_sree_kalagiri\.m2\repository\org\skyscreamer\jsonassert\1.5.0\jsonassert-1.5.0.jar;C:\Users\ramya_sree_kalagiri\.m2\repository\com\vaadin\external\google\android-json\0.0.20131108.vaadin1\android-json-0.0.20131108.vaadin1.jar;C:\Users\ramya_sree_kalagiri\.m2\repository\org\springframework\spring-core\5.1.9.RELEASE\spring-core-5.1.9.RELEASE.jar;C:\Users\ramya_sree_kalagiri\.m2\repository\org\springframework\spring-jcl\5.1.9.RELEASE\spring-jcl-5.1.9.RELEASE.jar;C:\Users\ramya_sree_kalagiri\.m2\repository\org\springframework\spring-test\5.1.9.RELEASE\spring-test-5.1.9.RELEASE.jar;C:\Users\ramya_sree_kalagiri\.m2\repository\org\xmlunit\xmlunit-core\2.6.3\xmlunit-core-2.6.3.jar;C:\Users\ramya_sree_kalagiri\.m2\repository\javax\xml\bind\jaxb-api\2.3.1\jaxb-api-2.3.1.jar;C:\Users\ramya_sree_kalagiri\.m2\repository\javax\activation\javax.activation-api\1.2.0\javax.activation-api-1.2.0.jar;C:\Users\ramya_sree_kalagiri\.m2\repository\org\springframework\cloud\spring-cloud-stream-test-support\2.1.3.RELEASE\spring-cloud-stream-test-support-2.1.3.RELEASE.jar;C:\Users\ramya_sree_kalagiri\.m2\repository\org\springframework\kafka\spring-kafka-test\2.2.8.RELEASE\spring-kafka-test-2.2.8.RELEASE.jar;C:\Users\ramya_sree_kalagiri\.m2\repository\org\springframework\spring-context\5.1.9.RELEASE\spring-context-5.1.9.RELEASE.jar;C:\Users\ramya_sree_kalagiri\.m2\repository\org\apache\kafka\kafka-clients\2.0.1\kafka-clients-2.0.1-test.jar;C:\Users\ramya_sree_kalagiri\.m2\repository\org\apache\kafka\kafka_2.11\2.0.1\kafka_2.11-2.0.1.jar;C:\Users\ramya_sree_kalagiri\.m2\repository\net\sf\jopt-simple\jopt-simple\5.0.4\jopt-simple-5.0.4.jar;C:\Users\ramya_sree_kalagiri\.m2\repository\com\yammer\metrics\metrics-core\2.2.0\metrics-core-2.2.0.jar;C:\Users\ramya_sree_kalagiri\.m2\repository\org\scala-lang\scala-library\2.11.12\scala-library-2.11.12.jar;C:\Users\ramya_sree_kalagiri\.m2\repository\org\scala-lang\scala-reflect\2.11.12\scala-reflect-2.11.12.jar;C:\Users\ramya_sree_kalagiri\.m2\repository\com\typesafe\scala-logging\scala-logging_2.11\3.9.0\scala-logging_2.11-3.9.0.jar;C:\Users\ramya_sree_kalagiri\.m2\repository\com\101tec\zkclient\0.10\zkclient-0.10.jar;C:\Users\ramya_sree_kalagiri\.m2\repository\org\apache\zookeeper\zookeeper\3.4.13\zookeeper-3.4.13.jar;C:\Users\ramya_sree_kalagiri\.m2\repository\org\apache\yetus\audience-annotations\0.5.0\audience-annotations-0.5.0.jar;C:\Users\ramya_sree_kalagiri\.m2\repository\org\apache\kafka\kafka_2.11\2.0.1\kafka_2.11-2.0.1-test.jar;"/>
    <property name="java.vm.vendor" value="Oracle Corporation"/>
    <property name="sun.arch.data.model" value="64"/>
    <property name="user.variant" value=""/>
    <property name="java.vendor.url" value="http://java.oracle.com/"/>
    <property name="user.timezone" value="Asia/Calcutta"/>
    <property name="java.vm.specification.version" value="11"/>
    <property name="os.name" value="Windows 10"/>
    <property name="sun.java.launcher" value="SUN_STANDARD"/>
    <property name="user.country" value="US"/>
    <property name="sun.boot.library.path" value="C:\Users\ramya_sree_kalagiri\Downloads\jdk-11.0.2\bin"/>
    <property name="sun.java.command" value="C:\Users\RAMYA_~1\AppData\Local\Temp\surefire12995852765598501728\surefirebooter8610502452142041546.jar C:\Users\ramya_sree_kalagiri\AppData\Local\Temp\surefire12995852765598501728 2019-08-31T13-50-25_900-jvmRun1 surefire4372584496484274776tmp surefire_09821448277339708666tmp"/>
    <property name="jdk.debug" value="release"/>
    <property name="surefire.test.class.path" value="C:\Users\ramya_sree_kalagiri\Documents\Material\Kafka\workspace\kafkademo\target\test-classes;C:\Users\ramya_sree_kalagiri\Documents\Material\Kafka\workspace\kafkademo\target\classes;C:\Users\ramya_sree_kalagiri\.m2\repository\org\springframework\boot\spring-boot-starter-web\2.1.7.RELEASE\spring-boot-starter-web-2.1.7.RELEASE.jar;C:\Users\ramya_sree_kalagiri\.m2\repository\org\springframework\boot\spring-boot-starter\2.1.7.RELEASE\spring-boot-starter-2.1.7.RELEASE.jar;C:\Users\ramya_sree_kalagiri\.m2\repository\org\springframework\boot\spring-boot-starter-logging\2.1.7.RELEASE\spring-boot-starter-logging-2.1.7.RELEASE.jar;C:\Users\ramya_sree_kalagiri\.m2\repository\ch\qos\logback\logback-classic\1.2.3\logback-classic-1.2.3.jar;C:\Users\ramya_sree_kalagiri\.m2\repository\ch\qos\logback\logback-core\1.2.3\logback-core-1.2.3.jar;C:\Users\ramya_sree_kalagiri\.m2\repository\org\apache\logging\log4j\log4j-to-slf4j\2.11.2\log4j-to-slf4j-2.11.2.jar;C:\Users\ramya_sree_kalagiri\.m2\repository\org\apache\logging\log4j\log4j-api\2.11.2\log4j-api-2.11.2.jar;C:\Users\ramya_sree_kalagiri\.m2\repository\org\slf4j\jul-to-slf4j\1.7.26\jul-to-slf4j-1.7.26.jar;C:\Users\ramya_sree_kalagiri\.m2\repository\javax\annotation\javax.annotation-api\1.3.2\javax.annotation-api-1.3.2.jar;C:\Users\ramya_sree_kalagiri\.m2\repository\org\yaml\snakeyaml\1.23\snakeyaml-1.23.jar;C:\Users\ramya_sree_kalagiri\.m2\repository\org\springframework\boot\spring-boot-starter-json\2.1.7.RELEASE\spring-boot-starter-json-2.1.7.RELEASE.jar;C:\Users\ramya_sree_kalagiri\.m2\repository\com\fasterxml\jackson\core\jackson-databind\2.9.9\jackson-databind-2.9.9.jar;C:\Users\ramya_sree_kalagiri\.m2\repository\com\fasterxml\jackson\core\jackson-annotations\2.9.0\jackson-annotations-2.9.0.jar;C:\Users\ramya_sree_kalagiri\.m2\repository\com\fasterxml\jackson\core\jackson-core\2.9.9\jackson-core-2.9.9.jar;C:\Users\ramya_sree_kalagiri\.m2\repository\com\fasterxml\jackson\datatype\jackson-datatype-jdk8\2.9.9\jackson-datatype-jdk8-2.9.9.jar;C:\Users\ramya_sree_kalagiri\.m2\repository\com\fasterxml\jackson\datatype\jackson-datatype-jsr310\2.9.9\jackson-datatype-jsr310-2.9.9.jar;C:\Users\ramya_sree_kalagiri\.m2\repository\com\fasterxml\jackson\module\jackson-module-parameter-names\2.9.9\jackson-module-parameter-names-2.9.9.jar;C:\Users\ramya_sree_kalagiri\.m2\repository\org\springframework\boot\spring-boot-starter-tomcat\2.1.7.RELEASE\spring-boot-starter-tomcat-2.1.7.RELEASE.jar;C:\Users\ramya_sree_kalagiri\.m2\repository\org\apache\tomcat\embed\tomcat-embed-core\9.0.22\tomcat-embed-core-9.0.22.jar;C:\Users\ramya_sree_kalagiri\.m2\repository\org\apache\tomcat\embed\tomcat-embed-el\9.0.22\tomcat-embed-el-9.0.22.jar;C:\Users\ramya_sree_kalagiri\.m2\repository\org\apache\tomcat\embed\tomcat-embed-websocket\9.0.22\tomcat-embed-websocket-9.0.22.jar;C:\Users\ramya_sree_kalagiri\.m2\repository\org\hibernate\validator\hibernate-validator\6.0.17.Final\hibernate-validator-6.0.17.Final.jar;C:\Users\ramya_sree_kalagiri\.m2\repository\javax\validation\validation-api\2.0.1.Final\validation-api-2.0.1.Final.jar;C:\Users\ramya_sree_kalagiri\.m2\repository\org\jboss\logging\jboss-logging\3.3.2.Final\jboss-logging-3.3.2.Final.jar;C:\Users\ramya_sree_kalagiri\.m2\repository\com\fasterxml\classmate\1.4.0\classmate-1.4.0.jar;C:\Users\ramya_sree_kalagiri\.m2\repository\org\springframework\spring-web\5.1.9.RELEASE\spring-web-5.1.9.RELEASE.jar;C:\Users\ramya_sree_kalagiri\.m2\repository\org\springframework\spring-beans\5.1.9.RELEASE\spring-beans-5.1.9.RELEASE.jar;C:\Users\ramya_sree_kalagiri\.m2\repository\org\springframework\spring-webmvc\5.1.9.RELEASE\spring-webmvc-5.1.9.RELEASE.jar;C:\Users\ramya_sree_kalagiri\.m2\repository\org\springframework\spring-aop\5.1.9.RELEASE\spring-aop-5.1.9.RELEASE.jar;C:\Users\ramya_sree_kalagiri\.m2\repository\org\springframework\spring-expression\5.1.9.RELEASE\spring-expression-5.1.9.RELEASE.jar;C:\Users\ramya_sree_kalagiri\.m2\repository\org\springframework\boot\spring-boot-starter-actuator\2.1.7.RELEASE\spring-boot-starter-actuator-2.1.7.RELEASE.jar;C:\Users\ramya_sree_kalagiri\.m2\repository\org\springframework\boot\spring-boot-actuator-autoconfigure\2.1.7.RELEASE\spring-boot-actuator-autoconfigure-2.1.7.RELEASE.jar;C:\Users\ramya_sree_kalagiri\.m2\repository\org\springframework\boot\spring-boot-actuator\2.1.7.RELEASE\spring-boot-actuator-2.1.7.RELEASE.jar;C:\Users\ramya_sree_kalagiri\.m2\repository\io\micrometer\micrometer-core\1.1.5\micrometer-core-1.1.5.jar;C:\Users\ramya_sree_kalagiri\.m2\repository\org\hdrhistogram\HdrHistogram\2.1.9\HdrHistogram-2.1.9.jar;C:\Users\ramya_sree_kalagiri\.m2\repository\org\latencyutils\LatencyUtils\2.0.3\LatencyUtils-2.0.3.jar;C:\Users\ramya_sree_kalagiri\.m2\repository\org\springframework\cloud\spring-cloud-stream\2.1.3.RELEASE\spring-cloud-stream-2.1.3.RELEASE.jar;C:\Users\ramya_sree_kalagiri\.m2\repository\org\springframework\boot\spring-boot-starter-validation\2.1.7.RELEASE\spring-boot-starter-validation-2.1.7.RELEASE.jar;C:\Users\ramya_sree_kalagiri\.m2\repository\org\springframework\spring-messaging\5.1.9.RELEASE\spring-messaging-5.1.9.RELEASE.jar;C:\Users\ramya_sree_kalagiri\.m2\repository\org\springframework\integration\spring-integration-core\5.1.7.RELEASE\spring-integration-core-5.1.7.RELEASE.jar;C:\Users\ramya_sree_kalagiri\.m2\repository\org\springframework\spring-tx\5.1.9.RELEASE\spring-tx-5.1.9.RELEASE.jar;C:\Users\ramya_sree_kalagiri\.m2\repository\io\projectreactor\reactor-core\3.2.11.RELEASE\reactor-core-3.2.11.RELEASE.jar;C:\Users\ramya_sree_kalagiri\.m2\repository\org\reactivestreams\reactive-streams\1.0.2\reactive-streams-1.0.2.jar;C:\Users\ramya_sree_kalagiri\.m2\repository\org\springframework\integration\spring-integration-jmx\5.1.7.RELEASE\spring-integration-jmx-5.1.7.RELEASE.jar;C:\Users\ramya_sree_kalagiri\.m2\repository\org\springframework\spring-tuple\1.0.0.RELEASE\spring-tuple-1.0.0.RELEASE.jar;C:\Users\ramya_sree_kalagiri\.m2\repository\com\esotericsoftware\kryo-shaded\3.0.3\kryo-shaded-3.0.3.jar;C:\Users\ramya_sree_kalagiri\.m2\repository\com\esotericsoftware\minlog\1.3.0\minlog-1.3.0.jar;C:\Users\ramya_sree_kalagiri\.m2\repository\org\springframework\integration\spring-integration-tuple\1.0.0.RELEASE\spring-integration-tuple-1.0.0.RELEASE.jar;C:\Users\ramya_sree_kalagiri\.m2\repository\org\springframework\retry\spring-retry\1.2.4.RELEASE\spring-retry-1.2.4.RELEASE.jar;C:\Users\ramya_sree_kalagiri\.m2\repository\org\springframework\cloud\spring-cloud-function-context\2.0.2.RELEASE\spring-cloud-function-context-2.0.2.RELEASE.jar;C:\Users\ramya_sree_kalagiri\.m2\repository\org\springframework\cloud\spring-cloud-function-core\2.0.2.RELEASE\spring-cloud-function-core-2.0.2.RELEASE.jar;C:\Users\ramya_sree_kalagiri\.m2\repository\org\springframework\cloud\spring-cloud-stream-binder-kafka\2.1.3.RELEASE\spring-cloud-stream-binder-kafka-2.1.3.RELEASE.jar;C:\Users\ramya_sree_kalagiri\.m2\repository\org\springframework\cloud\spring-cloud-stream-binder-kafka-core\2.1.3.RELEASE\spring-cloud-stream-binder-kafka-core-2.1.3.RELEASE.jar;C:\Users\ramya_sree_kalagiri\.m2\repository\org\springframework\integration\spring-integration-kafka\3.1.0.RELEASE\spring-integration-kafka-3.1.0.RELEASE.jar;C:\Users\ramya_sree_kalagiri\.m2\repository\org\apache\kafka\kafka-clients\2.0.1\kafka-clients-2.0.1.jar;C:\Users\ramya_sree_kalagiri\.m2\repository\org\lz4\lz4-java\1.4.1\lz4-java-1.4.1.jar;C:\Users\ramya_sree_kalagiri\.m2\repository\org\xerial\snappy\snappy-java\1.1.7.1\snappy-java-1.1.7.1.jar;C:\Users\ramya_sree_kalagiri\.m2\repository\org\slf4j\slf4j-api\1.7.26\slf4j-api-1.7.26.jar;C:\Users\ramya_sree_kalagiri\.m2\repository\org\springframework\kafka\spring-kafka\2.2.8.RELEASE\spring-kafka-2.2.8.RELEASE.jar;C:\Users\ramya_sree_kalagiri\.m2\repository\org\springframework\cloud\spring-cloud-starter-stream-kafka\2.1.3.RELEASE\spring-cloud-starter-stream-kafka-2.1.3.RELEASE.jar;C:\Users\ramya_sree_kalagiri\.m2\repository\org\springframework\boot\spring-boot-devtools\2.1.7.RELEASE\spring-boot-devtools-2.1.7.RELEASE.jar;C:\Users\ramya_sree_kalagiri\.m2\repository\org\springframework\boot\spring-boot\2.1.7.RELEASE\spring-boot-2.1.7.RELEASE.jar;C:\Users\ramya_sree_kalagiri\.m2\repository\org\springframework\boot\spring-boot-autoconfigure\2.1.7.RELEASE\spring-boot-autoconfigure-2.1.7.RELEASE.jar;C:\Users\ramya_sree_kalagiri\.m2\repository\org\projectlombok\lombok\1.18.8\lombok-1.18.8.jar;C:\Users\ramya_sree_kalagiri\.m2\repository\org\springframework\boot\spring-boot-starter-test\2.1.7.RELEASE\spring-boot-starter-test-2.1.7.RELEASE.jar;C:\Users\ramya_sree_kalagiri\.m2\repository\org\springframework\boot\spring-boot-test\2.1.7.RELEASE\spring-boot-test-2.1.7.RELEASE.jar;C:\Users\ramya_sree_kalagiri\.m2\repository\org\springframework\boot\spring-boot-test-autoconfigure\2.1.7.RELEASE\spring-boot-test-autoconfigure-2.1.7.RELEASE.jar;C:\Users\ramya_sree_kalagiri\.m2\repository\com\jayway\jsonpath\json-path\2.4.0\json-path-2.4.0.jar;C:\Users\ramya_sree_kalagiri\.m2\repository\net\minidev\json-smart\2.3\json-smart-2.3.jar;C:\Users\ramya_sree_kalagiri\.m2\repository\net\minidev\accessors-smart\1.2\accessors-smart-1.2.jar;C:\Users\ramya_sree_kalagiri\.m2\repository\org\ow2\asm\asm\5.0.4\asm-5.0.4.jar;C:\Users\ramya_sree_kalagiri\.m2\repository\junit\junit\4.12\junit-4.12.jar;C:\Users\ramya_sree_kalagiri\.m2\repository\org\assertj\assertj-core\3.11.1\assertj-core-3.11.1.jar;C:\Users\ramya_sree_kalagiri\.m2\repository\org\mockito\mockito-core\2.23.4\mockito-core-2.23.4.jar;C:\Users\ramya_sree_kalagiri\.m2\repository\net\bytebuddy\byte-buddy\1.9.16\byte-buddy-1.9.16.jar;C:\Users\ramya_sree_kalagiri\.m2\repository\net\bytebuddy\byte-buddy-agent\1.9.16\byte-buddy-agent-1.9.16.jar;C:\Users\ramya_sree_kalagiri\.m2\repository\org\objenesis\objenesis\2.6\objenesis-2.6.jar;C:\Users\ramya_sree_kalagiri\.m2\repository\org\hamcrest\hamcrest-core\1.3\hamcrest-core-1.3.jar;C:\Users\ramya_sree_kalagiri\.m2\repository\org\hamcrest\hamcrest-library\1.3\hamcrest-library-1.3.jar;C:\Users\ramya_sree_kalagiri\.m2\repository\org\skyscreamer\jsonassert\1.5.0\jsonassert-1.5.0.jar;C:\Users\ramya_sree_kalagiri\.m2\repository\com\vaadin\external\google\android-json\0.0.20131108.vaadin1\android-json-0.0.20131108.vaadin1.jar;C:\Users\ramya_sree_kalagiri\.m2\repository\org\springframework\spring-core\5.1.9.RELEASE\spring-core-5.1.9.RELEASE.jar;C:\Users\ramya_sree_kalagiri\.m2\repository\org\springframework\spring-jcl\5.1.9.RELEASE\spring-jcl-5.1.9.RELEASE.jar;C:\Users\ramya_sree_kalagiri\.m2\repository\org\springframework\spring-test\5.1.9.RELEASE\spring-test-5.1.9.RELEASE.jar;C:\Users\ramya_sree_kalagiri\.m2\repository\org\xmlunit\xmlunit-core\2.6.3\xmlunit-core-2.6.3.jar;C:\Users\ramya_sree_kalagiri\.m2\repository\javax\xml\bind\jaxb-api\2.3.1\jaxb-api-2.3.1.jar;C:\Users\ramya_sree_kalagiri\.m2\repository\javax\activation\javax.activation-api\1.2.0\javax.activation-api-1.2.0.jar;C:\Users\ramya_sree_kalagiri\.m2\repository\org\springframework\cloud\spring-cloud-stream-test-support\2.1.3.RELEASE\spring-cloud-stream-test-support-2.1.3.RELEASE.jar;C:\Users\ramya_sree_kalagiri\.m2\repository\org\springframework\kafka\spring-kafka-test\2.2.8.RELEASE\spring-kafka-test-2.2.8.RELEASE.jar;C:\Users\ramya_sree_kalagiri\.m2\repository\org\springframework\spring-context\5.1.9.RELEASE\spring-context-5.1.9.RELEASE.jar;C:\Users\ramya_sree_kalagiri\.m2\repository\org\apache\kafka\kafka-clients\2.0.1\kafka-clients-2.0.1-test.jar;C:\Users\ramya_sree_kalagiri\.m2\repository\org\apache\kafka\kafka_2.11\2.0.1\kafka_2.11-2.0.1.jar;C:\Users\ramya_sree_kalagiri\.m2\repository\net\sf\jopt-simple\jopt-simple\5.0.4\jopt-simple-5.0.4.jar;C:\Users\ramya_sree_kalagiri\.m2\repository\com\yammer\metrics\metrics-core\2.2.0\metrics-core-2.2.0.jar;C:\Users\ramya_sree_kalagiri\.m2\repository\org\scala-lang\scala-library\2.11.12\scala-library-2.11.12.jar;C:\Users\ramya_sree_kalagiri\.m2\repository\org\scala-lang\scala-reflect\2.11.12\scala-reflect-2.11.12.jar;C:\Users\ramya_sree_kalagiri\.m2\repository\com\typesafe\scala-logging\scala-logging_2.11\3.9.0\scala-logging_2.11-3.9.0.jar;C:\Users\ramya_sree_kalagiri\.m2\repository\com\101tec\zkclient\0.10\zkclient-0.10.jar;C:\Users\ramya_sree_kalagiri\.m2\repository\org\apache\zookeeper\zookeeper\3.4.13\zookeeper-3.4.13.jar;C:\Users\ramya_sree_kalagiri\.m2\repository\org\apache\yetus\audience-annotations\0.5.0\audience-annotations-0.5.0.jar;C:\Users\ramya_sree_kalagiri\.m2\repository\org\apache\kafka\kafka_2.11\2.0.1\kafka_2.11-2.0.1-test.jar;"/>
    <property name="sun.cpu.endian" value="little"/>
    <property name="user.home" value="C:\Users\ramya_sree_kalagiri"/>
    <property name="user.language" value="en"/>
    <property name="java.specification.vendor" value="Oracle Corporation"/>
    <property name="java.version.date" value="2019-01-15"/>
    <property name="java.home" value="C:\Users\ramya_sree_kalagiri\Downloads\jdk-11.0.2"/>
    <property name="file.separator" value="\"/>
    <property name="style.color" value="always"/>
    <property name="basedir" value="C:\Users\ramya_sree_kalagiri\Documents\Material\Kafka\workspace\kafkademo"/>
    <property name="java.vm.compressedOopsMode" value="Zero based"/>
    <property name="line.separator" value="&#10;"/>
    <property name="java.specification.name" value="Java Platform API Specification"/>
    <property name="java.vm.specification.vendor" value="Oracle Corporation"/>
    <property name="java.awt.graphicsenv" value="sun.awt.Win32GraphicsEnvironment"/>
    <property name="surefire.real.class.path" value="C:\Users\RAMYA_~1\AppData\Local\Temp\surefire12995852765598501728\surefirebooter8610502452142041546.jar"/>
    <property name="user.script" value=""/>
    <property name="sun.management.compiler" value="HotSpot 64-Bit Tiered Compilers"/>
    <property name="java.runtime.version" value="11.0.2+9"/>
    <property name="user.name" value="Ramya_sree_Kalagiri"/>
    <property name="path.separator" value=";"/>
    <property name="os.version" value="10.0"/>
    <property name="java.runtime.name" value="OpenJDK Runtime Environment"/>
    <property name="file.encoding" value="Cp1252"/>
    <property name="java.vm.name" value="OpenJDK 64-Bit Server VM"/>
    <property name="java.vendor.version" value="18.9"/>
    <property name="localRepository" value="C:\Users\ramya_sree_kalagiri\.m2\repository"/>
    <property name="java.vendor.url.bug" value="http://bugreport.java.com/bugreport/"/>
    <property name="java.io.tmpdir" value="C:\Users\RAMYA_~1\AppData\Local\Temp\"/>
    <property name="java.version" value="11.0.2"/>
    <property name="user.dir" value="C:\Users\ramya_sree_kalagiri\Documents\Material\Kafka\workspace\kafkademo"/>
    <property name="os.arch" value="amd64"/>
    <property name="java.vm.specification.name" value="Java Virtual Machine Specification"/>
    <property name="java.awt.printerjob" value="sun.awt.windows.WPrinterJob"/>
    <property name="sun.os.patch.level" value=""/>
    <property name="java.library.path" value="C:\Users\ramya_sree_kalagiri\Downloads\jdk-11.0.2\bin;C:\WINDOWS\Sun\Java\bin;C:\WINDOWS\system32;C:\WINDOWS;C:/Users/ramya_sree_kalagiri/Downloads/jdk-11.0.2/bin/server;C:/Users/ramya_sree_kalagiri/Downloads/jdk-11.0.2/bin;C:\Program Files (x86)\RSA SecurID Token Common;C:\Program Files\RSA SecurID Token Common;C:\WINDOWS\system32;C:\WINDOWS;C:\WINDOWS\System32\Wbem;C:\WINDOWS\System32\WindowsPowerShell\v1.0\;C:\WINDOWS\System32\OpenSSH\;C:\Program Files\1E\NomadBranch\;C:\Program Files\Dell\Dell Data Protection\Encryption\;C:\Program Files\nodejs\;C:\Program Files\Git\cmd;C:\Program Files\RSA SecurID Token Common\;C:\Users\ramya_sree_kalagiri\Downloads\jdk-11.0.2\bin;C:\Users\ramya_sree_kalagiri\AppData\Roaming\npm;C:\Users\ramya_sree_kalagiri\AppData\Local\atom\bin;C:\Users\ramya_sree_kalagiri\Downloads\sts-bundle\sts-3.9.9.RELEASE;;."/>
    <property name="java.vendor" value="Oracle Corporation"/>
    <property name="java.vm.info" value="mixed mode"/>
    <property name="java.vm.version" value="11.0.2+9"/>
    <property name="sun.io.unicode.encoding" value="UnicodeLittle"/>
    <property name="java.class.version" value="55.0"/>
  </properties>
  <testcase name="contextLoads" classname="com.example.demo.KafkademoApplicationTests" time="0.574"/>
</testsuite>